\BOOKMARK [0][-]{chapter.1}{How to install R}{}
\BOOKMARK [1][-]{section.1.1}{Introduction to R}{chapter.1}
\BOOKMARK [1][-]{section.1.2}{Installing R}{chapter.1}
\BOOKMARK [1][-]{section.1.3}{Installing R packages}{chapter.1}
\BOOKMARK [1][-]{section.1.4}{Running R}{chapter.1}
\BOOKMARK [1][-]{section.1.5}{A brief introduction to R}{chapter.1}
\BOOKMARK [1][-]{section.1.6}{Links and Further Reading}{chapter.1}
\BOOKMARK [1][-]{section.1.7}{Acknowledgements}{chapter.1}
\BOOKMARK [1][-]{section.1.8}{Contact}{chapter.1}
\BOOKMARK [1][-]{section.1.9}{License}{chapter.1}
\BOOKMARK [0][-]{chapter.2}{Using R for Bayesian Statistics}{}
\BOOKMARK [1][-]{section.2.1}{Bayesian Statistics}{chapter.2}
\BOOKMARK [1][-]{section.2.2}{Using Bayesian Analysis to Estimate a Proportion}{chapter.2}
\BOOKMARK [1][-]{section.2.3}{Links and Further Reading}{chapter.2}
\BOOKMARK [1][-]{section.2.4}{Acknowledgements}{chapter.2}
\BOOKMARK [1][-]{section.2.5}{Contact}{chapter.2}
\BOOKMARK [1][-]{section.2.6}{License}{chapter.2}
\BOOKMARK [0][-]{chapter.3}{Acknowledgements}{}
\BOOKMARK [0][-]{chapter.4}{Contact}{}
\BOOKMARK [0][-]{chapter.5}{License}{}
